Running: E:\Program\xIlinx\14.7\ISE_DS\ISE\bin\nt64\unwrapped\fuse.exe -nodebug -i ./ -o mips.exe mips_txt 
ISim P.20131013 (signature 0x7708f090)
Number of CPUs detected in this system: 16
Turning on mult-threading, number of parallel sub-compilation jobs: 32 
Starting static elaboration
WARNING:HDLCompiler:1016 - "E:\Documents\computer_organization\P7\p7_ans/ID.v" Line 99: Port ALUOp is not connected to this instance
WARNING:HDLCompiler:1016 - "E:\Documents\computer_organization\P7\p7_ans/EX.v" Line 54: Port zero is not connected to this instance
WARNING:HDLCompiler:1016 - "E:\Documents\computer_organization\P7\p7_ans/MEM.v" Line 55: Port zero is not connected to this instance
Completed static elaboration
Compiling module PC
Compiling module IF
Compiling module IF_ID
Compiling module EXT
Compiling module CMP
Compiling module NPC
Compiling module CTRL
Compiling module GRF
Compiling module ID
Compiling module ID_EX
Compiling module ALU
Compiling module MULT_DIV
Compiling module EX
Compiling module EX_MEM
Compiling module MEM_EXT
Compiling module MEM
Compiling module MEM_WB
Compiling module HAZARD_CTRL
Compiling module CP0
Compiling module CPU
Compiling module BRIDGE
Compiling module TC
Compiling module mips
Compiling module mips_txt
Time Resolution for simulation is 1ps.
Compiled 24 Verilog Units
Built simulation executable mips.exe
Fuse Memory Usage: 42496 KB
Fuse CPU Usage: 453 ms
